{"level":"info","message":"Server started at port 5000.","timestamp":"2018-11-20T12:23:01.389Z"}
{"level":"info","message":"Connected to database successfully.","timestamp":"2018-11-20T12:23:01.467Z"}
{"level":"info","message":"Server started at port \\\\.\\pipe\\190cff3f-3f5e-4910-82e7-380c8d2cc0f0.","timestamp":"2019-05-02T05:21:52.385Z"}
{"message":"Database Connection Failed!","stack":"Error: Login failed for user 'dbadmin'.\n    at Connection.tedious.once.err (D:\\home\\site\\wwwroot\\node_modules\\mssql\\lib\\tedious.js:216:17)\n    at Object.onceWrapper (events.js:316:30)\n    at emitOne (events.js:115:13)\n    at Connection.emit (events.js:210:7)\n    at Connection.processLogin7Response (D:\\home\\site\\wwwroot\\node_modules\\tedious\\lib\\connection.js:1277:16)\n    at Connection.message (D:\\home\\site\\wwwroot\\node_modules\\tedious\\lib\\connection.js:1789:14)\n    at Connection.dispatchEvent (D:\\home\\site\\wwwroot\\node_modules\\tedious\\lib\\connection.js:992:38)\n    at MessageIO.<anonymous> (D:\\home\\site\\wwwroot\\node_modules\\tedious\\lib\\connection.js:886:18)\n    at emitNone (events.js:105:13)\n    at MessageIO.emit (events.js:207:7)","code":"ELOGIN","originalError":{"message":"Login failed for user 'dbadmin'.","code":"ELOGIN"},"name":"ConnectionError","level":"error","timestamp":"2019-05-02T05:21:52.635Z"}
{"level":"info","message":"Server started at port \\\\.\\pipe\\d69ff1e1-bcb3-464a-b51f-3cda2b02c772.","timestamp":"2019-05-02T05:26:18.797Z"}
{"level":"info","message":"Connected to database successfully.","timestamp":"2019-05-02T05:26:19.047Z"}
{"level":"error","message":"Internal server error Invalid object name 'dbo.SentimentAnalysisMetadata'.","timestamp":"2019-05-02T05:26:19.828Z"}
{"level":"info","message":"Server started at port \\\\.\\pipe\\e9ea03d6-6d35-4764-befe-ee737a881158.","timestamp":"2019-05-02T05:30:52.163Z"}
{"level":"info","message":"Connected to database successfully.","timestamp":"2019-05-02T05:30:52.381Z"}
{"level":"error","message":"Internal server error Invalid object name 'dbo.SentimentAnalysisMetadata'.","timestamp":"2019-05-02T05:32:11.976Z"}
level":"info","message":"Connected to database successfully.","timestamp":"2019-05-02T05:31:55.461Z"}
{"level":"info","message":"Server started at port \\\\.\\pipe\\63e0c057-dccd-46e6-bf8e-be4a4f6496e0.","timestamp":"2019-05-02T05:35:38.348Z"}
{"level":"info","message":"Connected to database successfully.","timestamp":"2019-05-02T05:35:38.597Z"}
{"level":"error","message":"Internal server error Invalid object name 'dbo.SentimentAnalysisMetadata'.","timestamp":"2019-05-02T05:48:14.820Z"}
{"level":"info","message":"Server started at port \\\\.\\pipe\\b2d049ae-d3fd-49e9-9232-43a6983bada6.","timestamp":"2019-05-02T05:56:16.481Z"}
{"level":"info","message":"Connected to database successfully.","timestamp":"2019-05-02T05:56:16.840Z"}
{"level":"error","message":"Internal server error Invalid column name 'undefined'.","timestamp":"2019-05-02T05:56:20.898Z"}
{"level":"info","message":"Server started at port \\\\.\\pipe\\50084a50-0dad-4a65-96a3-5dfdec3d87cb.","timestamp":"2019-05-02T08:23:05.664Z"}
{"level":"info","message":"Connected to database successfully.","timestamp":"2019-05-02T08:23:05.930Z"}
{"level":"info","message":"Server started at port \\\\.\\pipe\\ca154c6c-389b-4acb-b7fc-1ffca569bf3f.","timestamp":"2019-05-02T09:40:38.874Z"}
{"level":"info","message":"Connected to database successfully.","timestamp":"2019-05-02T09:40:39.107Z"}
{"level":"info","message":"Server started at port \\\\.\\pipe\\9a2993af-aab4-434e-9b57-c19fad7ab5a7.","timestamp":"2019-05-03T07:09:20.777Z"}
{"level":"info","message":"Connected to database successfully.","timestamp":"2019-05-03T07:09:21.138Z"}
{"level":"info","message":"Server started at port \\\\.\\pipe\\eff5f8d8-888c-4a27-ba11-47cce4800624.","timestamp":"2019-05-03T09:42:00.921Z"}
{"level":"info","message":"Connected to database successfully.","timestamp":"2019-05-03T09:42:01.421Z"}
{"level":"info","message":"Server started at port \\\\.\\pipe\\6ba62824-8964-4de5-a5ea-548aa41bd69c.","timestamp":"2019-05-03T11:06:50.306Z"}
{"level":"info","message":"Connected to database successfully.","timestamp":"2019-05-03T11:06:50.528Z"}
{"level":"info","message":"Server started at port \\\\.\\pipe\\f780a24f-2e6b-4c31-bf5a-50dc1e3debda.","timestamp":"2019-05-03T13:43:45.090Z"}
{"level":"info","message":"Connected to database successfully.","timestamp":"2019-05-03T13:43:45.293Z"}
{"level":"info","message":"Server started at port \\\\.\\pipe\\b96daecf-edee-4381-a395-22667053d99e.","timestamp":"2019-05-06T04:18:07.960Z"}
{"level":"info","message":"Connected to database successfully.","timestamp":"2019-05-06T04:18:08.304Z"}
{"level":"info","message":"Server started at port \\\\.\\pipe\\57398172-1dcb-4645-8494-997ba719545b.","timestamp":"2019-05-06T05:25:23.841Z"}
{"level":"info","message":"Connected to database successfully.","timestamp":"2019-05-06T05:25:24.027Z"}
{"level":"info","message":"Server started at port \\\\.\\pipe\\94adb9fe-69bd-4435-adfb-ab88623b4df4.","timestamp":"2019-05-09T06:06:13.830Z"}
{"level":"info","message":"Connected to database successfully.","timestamp":"2019-05-09T06:06:14.225Z"}
{"level":"info","message":"Server started at port \\\\.\\pipe\\ec5e9e1a-b8bf-4fa0-946c-d853d3b3bd3b.","timestamp":"2019-05-13T05:45:04.921Z"}
{"level":"info","message":"Connected to database successfully.","timestamp":"2019-05-13T05:45:05.515Z"}
{"level":"info","message":"Server started at port \\\\.\\pipe\\cbd56abc-76ac-4e8b-83cc-2c82eae149c6.","timestamp":"2019-05-13T07:35:23.009Z"}
{"level":"info","message":"Connected to database successfully.","timestamp":"2019-05-13T07:35:23.244Z"}
{"level":"info","message":"Server started at port \\\\.\\pipe\\dde9f515-111b-443e-ab9f-ea76ee0e0a34.","timestamp":"2019-05-13T09:27:35.450Z"}
{"level":"info","message":"Connected to database successfully.","timestamp":"2019-05-13T09:27:35.700Z"}
{"level":"info","message":"Server started at port \\\\.\\pipe\\9dc78a85-99fa-4aed-ad4c-2cafbe80d382.","timestamp":"2019-06-14T08:58:18.117Z"}
{"message":"Database Connection Failed!","stack":"Error: Failed to connect to einterceptor.database.windows.net:1433 in 15000ms\n    at Connection.tedious.once.err (D:\\home\\site\\wwwroot\\node_modules\\mssql\\lib\\tedious.js:216:17)\n    at Object.onceWrapper (events.js:316:30)\n    at emitOne (events.js:115:13)\n    at Connection.emit (events.js:210:7)\n    at Connection.connectTimeout (D:\\home\\site\\wwwroot\\node_modules\\tedious\\lib\\connection.js:924:12)\n    at ontimeout (timers.js:488:11)\n    at tryOnTimeout (timers.js:323:5)\n    at Timer.listOnTimeout (timers.js:283:5)","code":"ETIMEOUT","originalError":{"message":"Failed to connect to einterceptor.database.windows.net:1433 in 15000ms","code":"ETIMEOUT"},"name":"ConnectionError","level":"error","timestamp":"2019-06-14T08:58:18.227Z"}
{"level":"error","message":"Internal server error Cannot read property 'request' of undefined","timestamp":"2019-06-14T08:58:20.227Z"}
